<?xml version="1.0" encoding="UTF-8"?>
<testsuite name="api.reqres.ReqresNoPojoTest" tests="1" skipped="0" failures="0" errors="0" timestamp="2023-01-30T08:28:02" hostname="AVL-EE-L018" time="2.411">
  <properties/>
  <testcase name="unsuccessuserRegNoPojo()" classname="api.reqres.ReqresNoPojoTest" time="2.411"/>
  <system-out><![CDATA[HTTP/1.1 400 Bad Request
Date: Mon, 30 Jan 2023 08:28:02 GMT
Content-Type: application/json; charset=utf-8
Content-Length: 28
Connection: keep-alive
X-Powered-By: Express
Access-Control-Allow-Origin: *
Etag: W/"1c-NmpazMScs9tOqR7eDEesn+pqC9Q"
Via: 1.1 vegur
CF-Cache-Status: DYNAMIC
Report-To: {"endpoints":[{"url":"https:\/\/a.nel.cloudflare.com\/report\/v3?s=C45gayl82DS%2FhABymmdr8%2FkPhzg3M5e2naWN1pz1QhmSp%2BfROLjAB4TH6aLMynrXEKVcdhTAYgZd92JxXI63vAzQrNXJElmtgYutm21%2BlH9XiO7SomDo5FPAqg%3D%3D"}],"group":"cf-nel","max_age":604800}
NEL: {"success_fraction":0,"report_to":"cf-nel","max_age":604800}
Server: cloudflare
CF-RAY: 7918d4f02e1ad922-HEL

{
    "error": "Missing password"
}
]]></system-out>
  <system-err><![CDATA[]]></system-err>
</testsuite>
